<?xml version="1.0" encoding="UTF-8"?>
<testsuite name="com.seguros.asap.AsapsegurosApplicationTests" tests="1" skipped="0" failures="0" errors="0" timestamp="2021-04-23T19:29:32" hostname="DESKTOP-3CH4MJ0" time="0.461">
  <properties/>
  <testcase name="contextLoads()" classname="com.seguros.asap.AsapsegurosApplicationTests" time="0.461"/>
  <system-out><![CDATA[16:29:21.414 [Test worker] DEBUG org.springframework.test.context.BootstrapUtils - Instantiating CacheAwareContextLoaderDelegate from class [org.springframework.test.context.cache.DefaultCacheAwareContextLoaderDelegate]
16:29:21.446 [Test worker] DEBUG org.springframework.test.context.BootstrapUtils - Instantiating BootstrapContext using constructor [public org.springframework.test.context.support.DefaultBootstrapContext(java.lang.Class,org.springframework.test.context.CacheAwareContextLoaderDelegate)]
16:29:21.535 [Test worker] DEBUG org.springframework.test.context.BootstrapUtils - Instantiating TestContextBootstrapper for test class [com.seguros.asap.AsapsegurosApplicationTests] from class [org.springframework.boot.test.context.SpringBootTestContextBootstrapper]
16:29:21.564 [Test worker] INFO org.springframework.boot.test.context.SpringBootTestContextBootstrapper - Neither @ContextConfiguration nor @ContextHierarchy found for test class [com.seguros.asap.AsapsegurosApplicationTests], using SpringBootContextLoader
16:29:21.572 [Test worker] DEBUG org.springframework.test.context.support.AbstractContextLoader - Did not detect default resource location for test class [com.seguros.asap.AsapsegurosApplicationTests]: class path resource [com/seguros/asap/AsapsegurosApplicationTests-context.xml] does not exist
16:29:21.573 [Test worker] DEBUG org.springframework.test.context.support.AbstractContextLoader - Did not detect default resource location for test class [com.seguros.asap.AsapsegurosApplicationTests]: class path resource [com/seguros/asap/AsapsegurosApplicationTestsContext.groovy] does not exist
16:29:21.574 [Test worker] INFO org.springframework.test.context.support.AbstractContextLoader - Could not detect default resource locations for test class [com.seguros.asap.AsapsegurosApplicationTests]: no resource found for suffixes {-context.xml, Context.groovy}.
16:29:21.575 [Test worker] INFO org.springframework.test.context.support.AnnotationConfigContextLoaderUtils - Could not detect default configuration classes for test class [com.seguros.asap.AsapsegurosApplicationTests]: AsapsegurosApplicationTests does not declare any static, non-private, non-final, nested classes annotated with @Configuration.
16:29:21.679 [Test worker] DEBUG org.springframework.test.context.support.ActiveProfilesUtils - Could not find an 'annotation declaring class' for annotation type [org.springframework.test.context.ActiveProfiles] and class [com.seguros.asap.AsapsegurosApplicationTests]
16:29:21.860 [Test worker] DEBUG org.springframework.context.annotation.ClassPathScanningCandidateComponentProvider - Identified candidate component class: file [D:\Projetos\asap-seg\build\classes\java\main\com\seguros\asap\Main.class]
16:29:21.864 [Test worker] INFO org.springframework.boot.test.context.SpringBootTestContextBootstrapper - Found @SpringBootConfiguration com.seguros.asap.Main for test class com.seguros.asap.AsapsegurosApplicationTests
16:29:22.125 [Test worker] DEBUG org.springframework.boot.test.context.SpringBootTestContextBootstrapper - @TestExecutionListeners is not present for class [com.seguros.asap.AsapsegurosApplicationTests]: using defaults.
16:29:22.126 [Test worker] INFO org.springframework.boot.test.context.SpringBootTestContextBootstrapper - Loaded default TestExecutionListener class names from location [META-INF/spring.factories]: [org.springframework.boot.test.autoconfigure.restdocs.RestDocsTestExecutionListener, org.springframework.boot.test.autoconfigure.web.client.MockRestServiceServerResetTestExecutionListener, org.springframework.boot.test.autoconfigure.web.servlet.MockMvcPrintOnlyOnFailureTestExecutionListener, org.springframework.boot.test.autoconfigure.web.servlet.WebDriverTestExecutionListener, org.springframework.boot.test.autoconfigure.webservices.client.MockWebServiceServerTestExecutionListener, org.springframework.boot.test.mock.mockito.MockitoTestExecutionListener, org.springframework.boot.test.mock.mockito.ResetMocksTestExecutionListener, org.springframework.test.context.web.ServletTestExecutionListener, org.springframework.test.context.support.DirtiesContextBeforeModesTestExecutionListener, org.springframework.test.context.event.ApplicationEventsTestExecutionListener, org.springframework.test.context.support.DependencyInjectionTestExecutionListener, org.springframework.test.context.support.DirtiesContextTestExecutionListener, org.springframework.test.context.transaction.TransactionalTestExecutionListener, org.springframework.test.context.jdbc.SqlScriptsTestExecutionListener, org.springframework.test.context.event.EventPublishingTestExecutionListener]
16:29:22.178 [Test worker] INFO org.springframework.boot.test.context.SpringBootTestContextBootstrapper - Using TestExecutionListeners: [org.springframework.test.context.web.ServletTestExecutionListener@7fc8fab0, org.springframework.test.context.support.DirtiesContextBeforeModesTestExecutionListener@597963e9, org.springframework.test.context.event.ApplicationEventsTestExecutionListener@61d145ca, org.springframework.boot.test.mock.mockito.MockitoTestExecutionListener@2e3085a6, org.springframework.boot.test.autoconfigure.SpringBootDependencyInjectionTestExecutionListener@1615e7aa, org.springframework.test.context.support.DirtiesContextTestExecutionListener@4e1a8aa, org.springframework.test.context.transaction.TransactionalTestExecutionListener@6ff552e9, org.springframework.test.context.jdbc.SqlScriptsTestExecutionListener@4542f704, org.springframework.test.context.event.EventPublishingTestExecutionListener@7cd370b1, org.springframework.boot.test.autoconfigure.restdocs.RestDocsTestExecutionListener@75fe2379, org.springframework.boot.test.autoconfigure.web.client.MockRestServiceServerResetTestExecutionListener@30594535, org.springframework.boot.test.autoconfigure.web.servlet.MockMvcPrintOnlyOnFailureTestExecutionListener@62716eed, org.springframework.boot.test.autoconfigure.web.servlet.WebDriverTestExecutionListener@5c0dcea, org.springframework.boot.test.autoconfigure.webservices.client.MockWebServiceServerTestExecutionListener@121d2c0, org.springframework.boot.test.mock.mockito.ResetMocksTestExecutionListener@7bab4f3c]
16:29:22.189 [Test worker] DEBUG org.springframework.test.context.support.AbstractDirtiesContextTestExecutionListener - Before test class: context [DefaultTestContext@14c9643b testClass = AsapsegurosApplicationTests, testInstance = [null], testMethod = [null], testException = [null], mergedContextConfiguration = [WebMergedContextConfiguration@1e6c3db0 testClass = AsapsegurosApplicationTests, locations = '{}', classes = '{class com.seguros.asap.Main}', contextInitializerClasses = '[]', activeProfiles = '{}', propertySourceLocations = '{}', propertySourceProperties = '{org.springframework.boot.test.context.SpringBootTestContextBootstrapper=true}', contextCustomizers = set[org.springframework.boot.test.autoconfigure.actuate.metrics.MetricsExportContextCustomizerFactory$DisableMetricExportContextCustomizer@39db39f0, org.springframework.boot.test.autoconfigure.properties.PropertyMappingContextCustomizer@0, org.springframework.boot.test.autoconfigure.web.servlet.WebDriverContextCustomizerFactory$Customizer@44b4c30a, org.springframework.boot.test.context.filter.ExcludeFilterContextCustomizer@1a23ff11, org.springframework.boot.test.json.DuplicateJsonObjectContextCustomizerFactory$DuplicateJsonObjectContextCustomizer@3f682f4e, org.springframework.boot.test.mock.mockito.MockitoContextCustomizer@0, org.springframework.boot.test.web.client.TestRestTemplateContextCustomizer@12491f7b, org.springframework.boot.test.context.SpringBootTestArgs@1, org.springframework.boot.test.context.SpringBootTestWebEnvironment@6e1ba04e], resourceBasePath = 'src/main/webapp', contextLoader = 'org.springframework.boot.test.context.SpringBootContextLoader', parent = [null]], attributes = map['org.springframework.test.context.web.ServletTestExecutionListener.activateListener' -> true]], class annotated with @DirtiesContext [false] with mode [null].
16:29:22.264 [Test worker] DEBUG org.springframework.test.context.support.TestPropertySourceUtils - Adding inlined properties to environment: {spring.jmx.enabled=false, org.springframework.boot.test.context.SpringBootTestContextBootstrapper=true}

  .   ____          _            __ _ _
 /\\ / ___'_ __ _ _(_)_ __  __ _ \ \ \ \
( ( )\___ | '_ | '_| | '_ \/ _` | \ \ \ \
 \\/  ___)| |_)| | | | | || (_| |  ) ) ) )
  '  |____| .__|_| |_|_| |_\__, | / / / /
 =========|_|==============|___/=/_/_/_/
 :: Spring Boot ::                (v2.4.5)

2021-04-23 16:29:22.961  INFO 25812 --- [    Test worker] c.s.asap.AsapsegurosApplicationTests     : Starting AsapsegurosApplicationTests using Java 1.8.0_181 on DESKTOP-3CH4MJ0 with PID 25812 (started by lucas in D:\Projetos\asap-seg)
2021-04-23 16:29:22.968  INFO 25812 --- [    Test worker] c.s.asap.AsapsegurosApplicationTests     : No active profile set, falling back to default profiles: default
2021-04-23 16:29:25.289  INFO 25812 --- [    Test worker] .s.d.r.c.RepositoryConfigurationDelegate : Bootstrapping Spring Data MongoDB repositories in DEFAULT mode.
2021-04-23 16:29:25.459  INFO 25812 --- [    Test worker] .s.d.r.c.RepositoryConfigurationDelegate : Finished Spring Data repository scanning in 160 ms. Found 2 MongoDB repository interfaces.
2021-04-23 16:29:26.841  INFO 25812 --- [    Test worker] org.mongodb.driver.cluster               : Cluster created with settings {hosts=[localhost:27017], mode=SINGLE, requiredClusterType=UNKNOWN, serverSelectionTimeout='30000 ms'}
2021-04-23 16:29:26.989  INFO 25812 --- [localhost:27017] org.mongodb.driver.connection            : Opened connection [connectionId{localValue:2, serverValue:297}] to localhost:27017
2021-04-23 16:29:26.989  INFO 25812 --- [localhost:27017] org.mongodb.driver.connection            : Opened connection [connectionId{localValue:1, serverValue:298}] to localhost:27017
2021-04-23 16:29:26.991  INFO 25812 --- [localhost:27017] org.mongodb.driver.cluster               : Monitor thread successfully connected to server with description ServerDescription{address=localhost:27017, type=STANDALONE, state=CONNECTED, ok=true, minWireVersion=0, maxWireVersion=7, maxDocumentSize=16777216, logicalSessionTimeoutMinutes=30, roundTripTimeNanos=49107100}
2021-04-23 16:29:30.727  INFO 25812 --- [    Test worker] o.s.s.concurrent.ThreadPoolTaskExecutor  : Initializing ExecutorService 'applicationTaskExecutor'
2021-04-23 16:29:32.077  INFO 25812 --- [    Test worker] c.s.asap.AsapsegurosApplicationTests     : Started AsapsegurosApplicationTests in 9.799 seconds (JVM running for 13.847)
]]></system-out>
  <system-err><![CDATA[]]></system-err>
</testsuite>
