<?xml version="1.0" encoding="UTF-8"?>
<testsuite name="com.seguros.asap.AsapsegurosApplicationTests" tests="1" skipped="0" failures="0" errors="0" timestamp="2021-04-23T11:08:37" hostname="DESKTOP-3CH4MJ0" time="0.654">
  <properties/>
  <testcase name="contextLoads()" classname="com.seguros.asap.AsapsegurosApplicationTests" time="0.654"/>
  <system-out><![CDATA[08:08:28.534 [Test worker] DEBUG org.springframework.test.context.BootstrapUtils - Instantiating CacheAwareContextLoaderDelegate from class [org.springframework.test.context.cache.DefaultCacheAwareContextLoaderDelegate]
08:08:28.568 [Test worker] DEBUG org.springframework.test.context.BootstrapUtils - Instantiating BootstrapContext using constructor [public org.springframework.test.context.support.DefaultBootstrapContext(java.lang.Class,org.springframework.test.context.CacheAwareContextLoaderDelegate)]
08:08:28.652 [Test worker] DEBUG org.springframework.test.context.BootstrapUtils - Instantiating TestContextBootstrapper for test class [com.seguros.asap.AsapsegurosApplicationTests] from class [org.springframework.boot.test.context.SpringBootTestContextBootstrapper]
08:08:28.694 [Test worker] INFO org.springframework.boot.test.context.SpringBootTestContextBootstrapper - Neither @ContextConfiguration nor @ContextHierarchy found for test class [com.seguros.asap.AsapsegurosApplicationTests], using SpringBootContextLoader
08:08:28.704 [Test worker] DEBUG org.springframework.test.context.support.AbstractContextLoader - Did not detect default resource location for test class [com.seguros.asap.AsapsegurosApplicationTests]: class path resource [com/seguros/asap/AsapsegurosApplicationTests-context.xml] does not exist
08:08:28.705 [Test worker] DEBUG org.springframework.test.context.support.AbstractContextLoader - Did not detect default resource location for test class [com.seguros.asap.AsapsegurosApplicationTests]: class path resource [com/seguros/asap/AsapsegurosApplicationTestsContext.groovy] does not exist
08:08:28.705 [Test worker] INFO org.springframework.test.context.support.AbstractContextLoader - Could not detect default resource locations for test class [com.seguros.asap.AsapsegurosApplicationTests]: no resource found for suffixes {-context.xml, Context.groovy}.
08:08:28.707 [Test worker] INFO org.springframework.test.context.support.AnnotationConfigContextLoaderUtils - Could not detect default configuration classes for test class [com.seguros.asap.AsapsegurosApplicationTests]: AsapsegurosApplicationTests does not declare any static, non-private, non-final, nested classes annotated with @Configuration.
08:08:28.814 [Test worker] DEBUG org.springframework.test.context.support.ActiveProfilesUtils - Could not find an 'annotation declaring class' for annotation type [org.springframework.test.context.ActiveProfiles] and class [com.seguros.asap.AsapsegurosApplicationTests]
08:08:28.962 [Test worker] DEBUG org.springframework.context.annotation.ClassPathScanningCandidateComponentProvider - Identified candidate component class: file [D:\Projetos\asap\build\classes\java\main\com\seguros\asap\Main.class]
08:08:28.965 [Test worker] INFO org.springframework.boot.test.context.SpringBootTestContextBootstrapper - Found @SpringBootConfiguration com.seguros.asap.Main for test class com.seguros.asap.AsapsegurosApplicationTests
08:08:29.292 [Test worker] DEBUG org.springframework.boot.test.context.SpringBootTestContextBootstrapper - @TestExecutionListeners is not present for class [com.seguros.asap.AsapsegurosApplicationTests]: using defaults.
08:08:29.293 [Test worker] INFO org.springframework.boot.test.context.SpringBootTestContextBootstrapper - Loaded default TestExecutionListener class names from location [META-INF/spring.factories]: [org.springframework.boot.test.autoconfigure.restdocs.RestDocsTestExecutionListener, org.springframework.boot.test.autoconfigure.web.client.MockRestServiceServerResetTestExecutionListener, org.springframework.boot.test.autoconfigure.web.servlet.MockMvcPrintOnlyOnFailureTestExecutionListener, org.springframework.boot.test.autoconfigure.web.servlet.WebDriverTestExecutionListener, org.springframework.boot.test.autoconfigure.webservices.client.MockWebServiceServerTestExecutionListener, org.springframework.boot.test.mock.mockito.MockitoTestExecutionListener, org.springframework.boot.test.mock.mockito.ResetMocksTestExecutionListener, org.springframework.test.context.web.ServletTestExecutionListener, org.springframework.test.context.support.DirtiesContextBeforeModesTestExecutionListener, org.springframework.test.context.event.ApplicationEventsTestExecutionListener, org.springframework.test.context.support.DependencyInjectionTestExecutionListener, org.springframework.test.context.support.DirtiesContextTestExecutionListener, org.springframework.test.context.transaction.TransactionalTestExecutionListener, org.springframework.test.context.jdbc.SqlScriptsTestExecutionListener, org.springframework.test.context.event.EventPublishingTestExecutionListener]
08:08:29.345 [Test worker] INFO org.springframework.boot.test.context.SpringBootTestContextBootstrapper - Using TestExecutionListeners: [org.springframework.test.context.web.ServletTestExecutionListener@2fc75340, org.springframework.test.context.support.DirtiesContextBeforeModesTestExecutionListener@2a293f80, org.springframework.test.context.event.ApplicationEventsTestExecutionListener@3076e738, org.springframework.boot.test.mock.mockito.MockitoTestExecutionListener@60be2650, org.springframework.boot.test.autoconfigure.SpringBootDependencyInjectionTestExecutionListener@75f63454, org.springframework.test.context.support.DirtiesContextTestExecutionListener@1640c055, org.springframework.test.context.transaction.TransactionalTestExecutionListener@1188ba82, org.springframework.test.context.jdbc.SqlScriptsTestExecutionListener@159245, org.springframework.test.context.event.EventPublishingTestExecutionListener@44055287, org.springframework.boot.test.autoconfigure.restdocs.RestDocsTestExecutionListener@54d7703a, org.springframework.boot.test.autoconfigure.web.client.MockRestServiceServerResetTestExecutionListener@df9c88, org.springframework.boot.test.autoconfigure.web.servlet.MockMvcPrintOnlyOnFailureTestExecutionListener@2cf4b16c, org.springframework.boot.test.autoconfigure.web.servlet.WebDriverTestExecutionListener@420b4f1f, org.springframework.boot.test.autoconfigure.webservices.client.MockWebServiceServerTestExecutionListener@2d32b1c4, org.springframework.boot.test.mock.mockito.ResetMocksTestExecutionListener@51755336]
08:08:29.359 [Test worker] DEBUG org.springframework.test.context.support.AbstractDirtiesContextTestExecutionListener - Before test class: context [DefaultTestContext@16acb457 testClass = AsapsegurosApplicationTests, testInstance = [null], testMethod = [null], testException = [null], mergedContextConfiguration = [WebMergedContextConfiguration@35909826 testClass = AsapsegurosApplicationTests, locations = '{}', classes = '{class com.seguros.asap.Main}', contextInitializerClasses = '[]', activeProfiles = '{}', propertySourceLocations = '{}', propertySourceProperties = '{org.springframework.boot.test.context.SpringBootTestContextBootstrapper=true}', contextCustomizers = set[org.springframework.boot.test.autoconfigure.actuate.metrics.MetricsExportContextCustomizerFactory$DisableMetricExportContextCustomizer@69cac4d8, org.springframework.boot.test.autoconfigure.properties.PropertyMappingContextCustomizer@0, org.springframework.boot.test.autoconfigure.web.servlet.WebDriverContextCustomizerFactory$Customizer@6fd4ce7a, org.springframework.boot.test.context.filter.ExcludeFilterContextCustomizer@65a4f5c, org.springframework.boot.test.json.DuplicateJsonObjectContextCustomizerFactory$DuplicateJsonObjectContextCustomizer@76234c4a, org.springframework.boot.test.mock.mockito.MockitoContextCustomizer@0, org.springframework.boot.test.web.client.TestRestTemplateContextCustomizer@457e1b66, org.springframework.boot.test.context.SpringBootTestArgs@1, org.springframework.boot.test.context.SpringBootTestWebEnvironment@6199aedd], resourceBasePath = 'src/main/webapp', contextLoader = 'org.springframework.boot.test.context.SpringBootContextLoader', parent = [null]], attributes = map['org.springframework.test.context.web.ServletTestExecutionListener.activateListener' -> true]], class annotated with @DirtiesContext [false] with mode [null].
08:08:29.429 [Test worker] DEBUG org.springframework.test.context.support.TestPropertySourceUtils - Adding inlined properties to environment: {spring.jmx.enabled=false, org.springframework.boot.test.context.SpringBootTestContextBootstrapper=true}

  .   ____          _            __ _ _
 /\\ / ___'_ __ _ _(_)_ __  __ _ \ \ \ \
( ( )\___ | '_ | '_| | '_ \/ _` | \ \ \ \
 \\/  ___)| |_)| | | | | || (_| |  ) ) ) )
  '  |____| .__|_| |_|_| |_\__, | / / / /
 =========|_|==============|___/=/_/_/_/
 :: Spring Boot ::                (v2.4.5)

2021-04-23 08:08:30.053  INFO 15344 --- [    Test worker] c.s.asap.AsapsegurosApplicationTests     : Starting AsapsegurosApplicationTests using Java 1.8.0_181 on DESKTOP-3CH4MJ0 with PID 15344 (started by lucas in D:\Projetos\asap)
2021-04-23 08:08:30.060  INFO 15344 --- [    Test worker] c.s.asap.AsapsegurosApplicationTests     : No active profile set, falling back to default profiles: default
2021-04-23 08:08:32.059  INFO 15344 --- [    Test worker] .s.d.r.c.RepositoryConfigurationDelegate : Bootstrapping Spring Data MongoDB repositories in DEFAULT mode.
2021-04-23 08:08:32.181  INFO 15344 --- [    Test worker] .s.d.r.c.RepositoryConfigurationDelegate : Finished Spring Data repository scanning in 110 ms. Found 2 MongoDB repository interfaces.
2021-04-23 08:08:33.196  INFO 15344 --- [    Test worker] org.mongodb.driver.cluster               : Cluster created with settings {hosts=[localhost:27017], mode=SINGLE, requiredClusterType=UNKNOWN, serverSelectionTimeout='30000 ms'}
2021-04-23 08:08:33.413  INFO 15344 --- [localhost:27017] org.mongodb.driver.connection            : Opened connection [connectionId{localValue:2, serverValue:261}] to localhost:27017
2021-04-23 08:08:33.414  INFO 15344 --- [localhost:27017] org.mongodb.driver.cluster               : Monitor thread successfully connected to server with description ServerDescription{address=localhost:27017, type=STANDALONE, state=CONNECTED, ok=true, minWireVersion=0, maxWireVersion=7, maxDocumentSize=16777216, logicalSessionTimeoutMinutes=30, roundTripTimeNanos=51331400}
2021-04-23 08:08:33.415  INFO 15344 --- [localhost:27017] org.mongodb.driver.connection            : Opened connection [connectionId{localValue:1, serverValue:262}] to localhost:27017
2021-04-23 08:08:35.893  INFO 15344 --- [    Test worker] o.s.s.concurrent.ThreadPoolTaskExecutor  : Initializing ExecutorService 'applicationTaskExecutor'
2021-04-23 08:08:37.288  INFO 15344 --- [    Test worker] c.s.asap.AsapsegurosApplicationTests     : Started AsapsegurosApplicationTests in 7.845 seconds (JVM running for 10.948)
]]></system-out>
  <system-err><![CDATA[]]></system-err>
</testsuite>
